2024-12-24 14:33:09,607 INFO o.a.j.u.JMeterUtils: Setting Locale to en_EN
2024-12-24 14:33:09,622 INFO o.a.j.JMeter: Loading user properties from: user.properties
2024-12-24 14:33:09,622 INFO o.a.j.JMeter: Loading system properties from: system.properties
2024-12-24 14:33:09,625 INFO o.a.j.JMeter: Copyright (c) 1998-2024 The Apache Software Foundation
2024-12-24 14:33:09,625 INFO o.a.j.JMeter: Version 5.6.3
2024-12-24 14:33:09,625 INFO o.a.j.JMeter: java.version=23.0.1
2024-12-24 14:33:09,625 INFO o.a.j.JMeter: java.vm.name=OpenJDK 64-Bit Server VM
2024-12-24 14:33:09,625 INFO o.a.j.JMeter: os.name=Mac OS X
2024-12-24 14:33:09,625 INFO o.a.j.JMeter: os.arch=aarch64
2024-12-24 14:33:09,625 INFO o.a.j.JMeter: os.version=15.1.1
2024-12-24 14:33:09,625 INFO o.a.j.JMeter: file.encoding=UTF-8
2024-12-24 14:33:09,626 INFO o.a.j.JMeter: java.awt.headless=null
2024-12-24 14:33:09,626 INFO o.a.j.JMeter: Max memory     =1073741824
2024-12-24 14:33:09,626 INFO o.a.j.JMeter: Available Processors =8
2024-12-24 14:33:09,632 INFO o.a.j.JMeter: Default Locale=English (EN)
2024-12-24 14:33:09,632 INFO o.a.j.JMeter: JMeter  Locale=English (EN)
2024-12-24 14:33:09,632 INFO o.a.j.JMeter: JMeterHome=/Users/eugenio/Ai TEST/apache-jmeter-5.6.3
2024-12-24 14:33:09,632 INFO o.a.j.JMeter: user.dir  =/Users/eugenio/Ai TEST/apache-jmeter-5.6.3/bin
2024-12-24 14:33:09,632 INFO o.a.j.JMeter: PWD       =/Users/eugenio/Ai TEST/apache-jmeter-5.6.3/bin
2024-12-24 14:33:09,634 INFO o.a.j.JMeter: IP: 127.0.0.1 Name: MacBook-Pro-2.local FullName: localhost
2024-12-24 14:33:09,641 INFO o.a.j.JMeter: Loaded icon properties from org/apache/jmeter/images/icon.properties
2024-12-24 14:33:10,290 INFO o.a.j.JMeterGuiLauncher: Setting LAF to: com.github.weisj.darklaf.DarkLaf:com.github.weisj.darklaf.theme.DarculaTheme
2024-12-24 14:38:22,049 INFO o.a.j.p.h.s.HTTPSamplerBase: Parser for text/html is org.apache.jmeter.protocol.http.parser.LagartoBasedHtmlParser
2024-12-24 14:38:22,049 INFO o.a.j.p.h.s.HTTPSamplerBase: Parser for application/xhtml+xml is org.apache.jmeter.protocol.http.parser.LagartoBasedHtmlParser
2024-12-24 14:38:22,049 INFO o.a.j.p.h.s.HTTPSamplerBase: Parser for application/xml is org.apache.jmeter.protocol.http.parser.LagartoBasedHtmlParser
2024-12-24 14:38:22,049 INFO o.a.j.p.h.s.HTTPSamplerBase: Parser for text/xml is org.apache.jmeter.protocol.http.parser.LagartoBasedHtmlParser
2024-12-24 14:38:22,050 INFO o.a.j.p.h.s.HTTPSamplerBase: Parser for text/vnd.wap.wml is org.apache.jmeter.protocol.http.parser.RegexpHTMLParser
2024-12-24 14:38:22,050 INFO o.a.j.p.h.s.HTTPSamplerBase: Parser for text/css is org.apache.jmeter.protocol.http.parser.CssParser
2024-12-24 14:43:40,388 INFO o.a.j.s.SampleResult: Note: Sample TimeStamps are START times
2024-12-24 14:43:40,389 INFO o.a.j.s.SampleResult: sampleresult.default.encoding is set to UTF-8
2024-12-24 14:43:40,390 INFO o.a.j.s.SampleResult: sampleresult.useNanoTime=true
2024-12-24 14:43:40,390 INFO o.a.j.s.SampleResult: sampleresult.nanoThreadSleep=5000
2024-12-24 14:45:37,404 INFO o.a.j.e.StandardJMeterEngine: Running the test!
2024-12-24 14:45:37,405 INFO o.a.j.s.SampleEvent: List of sample_variables: []
2024-12-24 14:45:37,405 INFO o.a.j.s.SampleEvent: List of sample_variables: []
2024-12-24 14:45:37,406 INFO o.a.j.e.u.CompoundVariable: Note: Function class names must contain the string: '.functions.'
2024-12-24 14:45:37,406 INFO o.a.j.e.u.CompoundVariable: Note: Function class names must not contain the string: '.gui.'
2024-12-24 14:45:37,439 INFO o.a.j.g.u.JMeterMenuBar: setRunning(true, *local*)
2024-12-24 14:45:37,465 INFO o.a.j.e.StandardJMeterEngine: Starting ThreadGroup: 1 : Thread Group TEST
2024-12-24 14:45:37,465 INFO o.a.j.e.StandardJMeterEngine: Starting 100 threads for group Thread Group TEST.
2024-12-24 14:45:37,465 INFO o.a.j.e.StandardJMeterEngine: Thread will continue on error
2024-12-24 14:45:37,466 INFO o.a.j.t.ThreadGroup: Starting thread group... number=1 threads=100 ramp-up=60 delayedStart=false
2024-12-24 14:45:37,468 INFO o.a.j.t.JMeterThread: Thread started: Thread Group TEST 1-1
2024-12-24 14:45:37,477 INFO o.a.j.t.ThreadGroup: Started thread group number 1
2024-12-24 14:45:37,477 INFO o.a.j.e.StandardJMeterEngine: All thread groups have been started
2024-12-24 14:45:37,478 INFO o.a.j.p.h.s.HTTPHCAbstractImpl: Local host = MacBook-Pro-2.local
2024-12-24 14:45:37,483 INFO o.a.j.p.h.s.HTTPHC4Impl: HTTP request retry count = 0
2024-12-24 14:45:37,613 INFO o.a.j.p.h.s.h.LazyLayeredConnectionSocketFactory: Setting up HTTPS TrustAll Socket Factory
2024-12-24 14:45:37,615 INFO o.a.j.u.JsseSSLManager: Using default SSL protocol: TLS
2024-12-24 14:45:37,616 INFO o.a.j.u.JsseSSLManager: SSL session context: per-thread
2024-12-24 14:45:37,729 INFO o.a.j.u.SSLManager: JmeterKeyStore Location:  type JKS
2024-12-24 14:45:37,731 INFO o.a.j.u.SSLManager: KeyStore created OK
2024-12-24 14:45:37,731 WARN o.a.j.u.SSLManager: Keystore file not found, loading empty keystore
2024-12-24 14:45:38,066 INFO o.a.j.t.JMeterThread: Thread is done: Thread Group TEST 1-1
2024-12-24 14:45:38,066 INFO o.a.j.t.JMeterThread: Thread finished: Thread Group TEST 1-1
2024-12-24 14:45:38,072 INFO o.a.j.t.JMeterThread: Thread started: Thread Group TEST 1-2
2024-12-24 14:45:38,347 INFO o.a.j.t.JMeterThread: Thread is done: Thread Group TEST 1-2
2024-12-24 14:45:38,347 INFO o.a.j.t.JMeterThread: Thread finished: Thread Group TEST 1-2
2024-12-24 14:45:38,671 INFO o.a.j.t.JMeterThread: Thread started: Thread Group TEST 1-3
2024-12-24 14:45:38,953 INFO o.a.j.t.JMeterThread: Thread is done: Thread Group TEST 1-3
2024-12-24 14:45:38,953 INFO o.a.j.t.JMeterThread: Thread finished: Thread Group TEST 1-3
2024-12-24 14:45:39,271 INFO o.a.j.t.JMeterThread: Thread started: Thread Group TEST 1-4
2024-12-24 14:45:39,588 INFO o.a.j.t.JMeterThread: Thread is done: Thread Group TEST 1-4
2024-12-24 14:45:39,589 INFO o.a.j.t.JMeterThread: Thread finished: Thread Group TEST 1-4
2024-12-24 14:45:39,871 INFO o.a.j.t.JMeterThread: Thread started: Thread Group TEST 1-5
2024-12-24 14:45:40,147 INFO o.a.j.t.JMeterThread: Thread is done: Thread Group TEST 1-5
2024-12-24 14:45:40,147 INFO o.a.j.t.JMeterThread: Thread finished: Thread Group TEST 1-5
2024-12-24 14:45:40,471 INFO o.a.j.t.JMeterThread: Thread started: Thread Group TEST 1-6
2024-12-24 14:45:40,753 INFO o.a.j.t.JMeterThread: Thread is done: Thread Group TEST 1-6
2024-12-24 14:45:40,753 INFO o.a.j.t.JMeterThread: Thread finished: Thread Group TEST 1-6
2024-12-24 14:45:41,071 INFO o.a.j.t.JMeterThread: Thread started: Thread Group TEST 1-7
2024-12-24 14:45:41,351 INFO o.a.j.t.JMeterThread: Thread is done: Thread Group TEST 1-7
2024-12-24 14:45:41,351 INFO o.a.j.t.JMeterThread: Thread finished: Thread Group TEST 1-7
2024-12-24 14:45:41,671 INFO o.a.j.t.JMeterThread: Thread started: Thread Group TEST 1-8
2024-12-24 14:45:41,938 INFO o.a.j.t.JMeterThread: Thread is done: Thread Group TEST 1-8
2024-12-24 14:45:41,938 INFO o.a.j.t.JMeterThread: Thread finished: Thread Group TEST 1-8
2024-12-24 14:45:42,270 INFO o.a.j.t.JMeterThread: Thread started: Thread Group TEST 1-9
2024-12-24 14:45:42,532 INFO o.a.j.t.JMeterThread: Thread is done: Thread Group TEST 1-9
2024-12-24 14:45:42,532 INFO o.a.j.t.JMeterThread: Thread finished: Thread Group TEST 1-9
2024-12-24 14:45:42,871 INFO o.a.j.t.JMeterThread: Thread started: Thread Group TEST 1-10
2024-12-24 14:45:43,136 INFO o.a.j.t.JMeterThread: Thread is done: Thread Group TEST 1-10
2024-12-24 14:45:43,137 INFO o.a.j.t.JMeterThread: Thread finished: Thread Group TEST 1-10
2024-12-24 14:45:43,469 INFO o.a.j.t.JMeterThread: Thread started: Thread Group TEST 1-11
2024-12-24 14:45:43,740 INFO o.a.j.g.a.Start: Stopping test
2024-12-24 14:45:43,743 INFO o.a.j.t.JMeterThread: Thread is done: Thread Group TEST 1-11
2024-12-24 14:45:43,743 INFO o.a.j.t.JMeterThread: Thread finished: Thread Group TEST 1-11
2024-12-24 14:45:43,772 INFO o.a.j.t.JMeterThread: Stopping: Thread Group TEST 1-18
2024-12-24 14:45:43,773 INFO o.a.j.t.JMeterThread: Stopping: Thread Group TEST 1-87
2024-12-24 14:45:43,773 INFO o.a.j.t.JMeterThread: Stopping: Thread Group TEST 1-89
2024-12-24 14:45:43,773 INFO o.a.j.t.JMeterThread: Thread started: Thread Group TEST 1-87
2024-12-24 14:45:43,773 INFO o.a.j.t.JMeterThread: Stopping: Thread Group TEST 1-97
2024-12-24 14:45:43,773 INFO o.a.j.t.JMeterThread: Thread started: Thread Group TEST 1-18
2024-12-24 14:45:43,773 INFO o.a.j.t.JMeterThread: Stopping: Thread Group TEST 1-82
2024-12-24 14:45:43,773 INFO o.a.j.t.JMeterThread: Stopping: Thread Group TEST 1-27
2024-12-24 14:45:43,773 INFO o.a.j.t.JMeterThread: Thread finished: Thread Group TEST 1-87
2024-12-24 14:45:43,773 INFO o.a.j.t.JMeterThread: Stopping: Thread Group TEST 1-98
2024-12-24 14:45:43,773 INFO o.a.j.t.JMeterThread: Stopping: Thread Group TEST 1-85
2024-12-24 14:45:43,773 INFO o.a.j.t.JMeterThread: Thread finished: Thread Group TEST 1-18
2024-12-24 14:45:43,773 INFO o.a.j.t.JMeterThread: Stopping: Thread Group TEST 1-28
2024-12-24 14:45:43,773 INFO o.a.j.t.JMeterThread: Stopping: Thread Group TEST 1-99
2024-12-24 14:45:43,774 INFO o.a.j.t.JMeterThread: Stopping: Thread Group TEST 1-13
2024-12-24 14:45:43,773 INFO o.a.j.t.JMeterThread: Thread started: Thread Group TEST 1-97
2024-12-24 14:45:43,774 INFO o.a.j.t.JMeterThread: Stopping: Thread Group TEST 1-37
2024-12-24 14:45:43,774 INFO o.a.j.t.JMeterThread: Stopping: Thread Group TEST 1-61
2024-12-24 14:45:43,773 INFO o.a.j.t.JMeterThread: Thread started: Thread Group TEST 1-89
2024-12-24 14:45:43,774 INFO o.a.j.t.JMeterThread: Thread started: Thread Group TEST 1-82
2024-12-24 14:45:43,774 INFO o.a.j.t.JMeterThread: Thread finished: Thread Group TEST 1-97
2024-12-24 14:45:43,774 INFO o.a.j.t.JMeterThread: Thread started: Thread Group TEST 1-28
2024-12-24 14:45:43,774 INFO o.a.j.t.JMeterThread: Thread started: Thread Group TEST 1-98
2024-12-24 14:45:43,774 INFO o.a.j.t.JMeterThread: Thread started: Thread Group TEST 1-85
2024-12-24 14:45:43,774 INFO o.a.j.t.JMeterThread: Thread started: Thread Group TEST 1-13
2024-12-24 14:45:43,774 INFO o.a.j.t.JMeterThread: Thread finished: Thread Group TEST 1-28
2024-12-24 14:45:43,774 INFO o.a.j.t.JMeterThread: Thread finished: Thread Group TEST 1-98
2024-12-24 14:45:43,774 INFO o.a.j.t.JMeterThread: Thread finished: Thread Group TEST 1-85
2024-12-24 14:45:43,774 INFO o.a.j.t.JMeterThread: Thread finished: Thread Group TEST 1-13
2024-12-24 14:45:43,774 INFO o.a.j.t.JMeterThread: Thread finished: Thread Group TEST 1-89
2024-12-24 14:45:43,774 INFO o.a.j.t.JMeterThread: Thread started: Thread Group TEST 1-99
2024-12-24 14:45:43,774 INFO o.a.j.t.JMeterThread: Thread started: Thread Group TEST 1-37
2024-12-24 14:45:43,774 INFO o.a.j.t.JMeterThread: Thread started: Thread Group TEST 1-61
2024-12-24 14:45:43,774 INFO o.a.j.t.JMeterThread: Thread started: Thread Group TEST 1-27
2024-12-24 14:45:43,774 INFO o.a.j.t.JMeterThread: Stopping: Thread Group TEST 1-34
2024-12-24 14:45:43,774 INFO o.a.j.t.JMeterThread: Thread finished: Thread Group TEST 1-37
2024-12-24 14:45:43,774 INFO o.a.j.t.JMeterThread: Thread finished: Thread Group TEST 1-61
2024-12-24 14:45:43,774 INFO o.a.j.t.JMeterThread: Stopping: Thread Group TEST 1-56
2024-12-24 14:45:43,774 INFO o.a.j.t.JMeterThread: Thread finished: Thread Group TEST 1-27
2024-12-24 14:45:43,774 INFO o.a.j.t.JMeterThread: Thread finished: Thread Group TEST 1-99
2024-12-24 14:45:43,774 INFO o.a.j.t.JMeterThread: Stopping: Thread Group TEST 1-63
2024-12-24 14:45:43,774 INFO o.a.j.t.JMeterThread: Stopping: Thread Group TEST 1-70
2024-12-24 14:45:43,774 INFO o.a.j.t.JMeterThread: Thread finished: Thread Group TEST 1-82
2024-12-24 14:45:43,775 INFO o.a.j.t.JMeterThread: Stopping: Thread Group TEST 1-73
2024-12-24 14:45:43,774 INFO o.a.j.t.JMeterThread: Thread started: Thread Group TEST 1-34
2024-12-24 14:45:43,775 INFO o.a.j.t.JMeterThread: Stopping: Thread Group TEST 1-22
2024-12-24 14:45:43,774 INFO o.a.j.t.JMeterThread: Thread started: Thread Group TEST 1-56
2024-12-24 14:45:43,775 INFO o.a.j.t.JMeterThread: Stopping: Thread Group TEST 1-21
2024-12-24 14:45:43,775 INFO o.a.j.t.JMeterThread: Stopping: Thread Group TEST 1-50
2024-12-24 14:45:43,775 INFO o.a.j.t.JMeterThread: Thread finished: Thread Group TEST 1-34
2024-12-24 14:45:43,775 INFO o.a.j.t.JMeterThread: Stopping: Thread Group TEST 1-55
2024-12-24 14:45:43,775 INFO o.a.j.t.JMeterThread: Thread finished: Thread Group TEST 1-56
2024-12-24 14:45:43,775 INFO o.a.j.t.JMeterThread: Thread started: Thread Group TEST 1-63
2024-12-24 14:45:43,775 INFO o.a.j.t.JMeterThread: Stopping: Thread Group TEST 1-45
2024-12-24 14:45:43,775 INFO o.a.j.t.JMeterThread: Stopping: Thread Group TEST 1-62
2024-12-24 14:45:43,775 INFO o.a.j.t.JMeterThread: Thread started: Thread Group TEST 1-70
2024-12-24 14:45:43,775 INFO o.a.j.t.JMeterThread: Thread started: Thread Group TEST 1-21
2024-12-24 14:45:43,775 INFO o.a.j.t.JMeterThread: Thread finished: Thread Group TEST 1-63
2024-12-24 14:45:43,775 INFO o.a.j.t.JMeterThread: Thread started: Thread Group TEST 1-73
2024-12-24 14:45:43,775 INFO o.a.j.t.JMeterThread: Thread finished: Thread Group TEST 1-21
2024-12-24 14:45:43,775 INFO o.a.j.t.JMeterThread: Stopping: Thread Group TEST 1-90
2024-12-24 14:45:43,775 INFO o.a.j.t.JMeterThread: Thread started: Thread Group TEST 1-62
2024-12-24 14:45:43,775 INFO o.a.j.t.JMeterThread: Thread started: Thread Group TEST 1-45
2024-12-24 14:45:43,775 INFO o.a.j.t.JMeterThread: Thread finished: Thread Group TEST 1-70
2024-12-24 14:45:43,775 INFO o.a.j.t.JMeterThread: Thread started: Thread Group TEST 1-22
2024-12-24 14:45:43,775 INFO o.a.j.t.JMeterThread: Thread started: Thread Group TEST 1-50
2024-12-24 14:45:43,775 INFO o.a.j.t.JMeterThread: Thread finished: Thread Group TEST 1-45
2024-12-24 14:45:43,775 INFO o.a.j.t.JMeterThread: Thread started: Thread Group TEST 1-55
2024-12-24 14:45:43,775 INFO o.a.j.t.JMeterThread: Thread started: Thread Group TEST 1-90
2024-12-24 14:45:43,775 INFO o.a.j.t.JMeterThread: Thread finished: Thread Group TEST 1-22
2024-12-24 14:45:43,775 INFO o.a.j.t.JMeterThread: Thread finished: Thread Group TEST 1-55
2024-12-24 14:45:43,775 INFO o.a.j.t.JMeterThread: Stopping: Thread Group TEST 1-66
2024-12-24 14:45:43,776 INFO o.a.j.t.JMeterThread: Thread finished: Thread Group TEST 1-90
2024-12-24 14:45:43,775 INFO o.a.j.t.JMeterThread: Thread finished: Thread Group TEST 1-73
2024-12-24 14:45:43,775 INFO o.a.j.t.JMeterThread: Thread finished: Thread Group TEST 1-50
2024-12-24 14:45:43,776 INFO o.a.j.t.JMeterThread: Stopping: Thread Group TEST 1-36
2024-12-24 14:45:43,776 INFO o.a.j.t.JMeterThread: Thread finished: Thread Group TEST 1-62
2024-12-24 14:45:43,776 INFO o.a.j.t.JMeterThread: Thread started: Thread Group TEST 1-66
2024-12-24 14:45:43,776 INFO o.a.j.t.JMeterThread: Stopping: Thread Group TEST 1-94
2024-12-24 14:45:43,776 INFO o.a.j.t.JMeterThread: Stopping: Thread Group TEST 1-44
2024-12-24 14:45:43,776 INFO o.a.j.t.JMeterThread: Stopping: Thread Group TEST 1-52
2024-12-24 14:45:43,776 INFO o.a.j.t.JMeterThread: Thread finished: Thread Group TEST 1-66
2024-12-24 14:45:43,776 INFO o.a.j.t.JMeterThread: Stopping: Thread Group TEST 1-54
2024-12-24 14:45:43,776 INFO o.a.j.t.JMeterThread: Thread started: Thread Group TEST 1-36
2024-12-24 14:45:43,776 INFO o.a.j.t.JMeterThread: Thread started: Thread Group TEST 1-94
2024-12-24 14:45:43,776 INFO o.a.j.t.JMeterThread: Thread started: Thread Group TEST 1-44
2024-12-24 14:45:43,776 INFO o.a.j.t.JMeterThread: Stopping: Thread Group TEST 1-60
2024-12-24 14:45:43,776 INFO o.a.j.t.JMeterThread: Thread started: Thread Group TEST 1-54
2024-12-24 14:45:43,776 INFO o.a.j.t.JMeterThread: Stopping: Thread Group TEST 1-81
2024-12-24 14:45:43,776 INFO o.a.j.t.JMeterThread: Thread finished: Thread Group TEST 1-36
2024-12-24 14:45:43,776 INFO o.a.j.t.JMeterThread: Thread finished: Thread Group TEST 1-94
2024-12-24 14:45:43,776 INFO o.a.j.t.JMeterThread: Thread finished: Thread Group TEST 1-44
2024-12-24 14:45:43,776 INFO o.a.j.t.JMeterThread: Stopping: Thread Group TEST 1-46
2024-12-24 14:45:43,776 INFO o.a.j.t.JMeterThread: Stopping: Thread Group TEST 1-39
2024-12-24 14:45:43,776 INFO o.a.j.t.JMeterThread: Thread finished: Thread Group TEST 1-54
2024-12-24 14:45:43,776 INFO o.a.j.t.JMeterThread: Thread started: Thread Group TEST 1-60
2024-12-24 14:45:43,776 INFO o.a.j.t.JMeterThread: Stopping: Thread Group TEST 1-49
2024-12-24 14:45:43,776 INFO o.a.j.t.JMeterThread: Stopping: Thread Group TEST 1-26
2024-12-24 14:45:43,776 INFO o.a.j.t.JMeterThread: Thread started: Thread Group TEST 1-46
2024-12-24 14:45:43,776 INFO o.a.j.t.JMeterThread: Stopping: Thread Group TEST 1-14
2024-12-24 14:45:43,776 INFO o.a.j.t.JMeterThread: Thread finished: Thread Group TEST 1-60
2024-12-24 14:45:43,776 INFO o.a.j.t.JMeterThread: Stopping: Thread Group TEST 1-83
2024-12-24 14:45:43,776 INFO o.a.j.t.JMeterThread: Thread started: Thread Group TEST 1-39
2024-12-24 14:45:43,776 INFO o.a.j.t.JMeterThread: Stopping: Thread Group TEST 1-25
2024-12-24 14:45:43,776 INFO o.a.j.t.JMeterThread: Thread finished: Thread Group TEST 1-46
2024-12-24 14:45:43,776 INFO o.a.j.t.JMeterThread: Stopping: Thread Group TEST 1-59
2024-12-24 14:45:43,776 INFO o.a.j.t.JMeterThread: Stopping: Thread Group TEST 1-74
2024-12-24 14:45:43,776 INFO o.a.j.t.JMeterThread: Thread started: Thread Group TEST 1-49
2024-12-24 14:45:43,776 INFO o.a.j.t.JMeterThread: Thread started: Thread Group TEST 1-14
2024-12-24 14:45:43,776 INFO o.a.j.t.JMeterThread: Stopping: Thread Group TEST 1-96
2024-12-24 14:45:43,776 INFO o.a.j.t.JMeterThread: Thread started: Thread Group TEST 1-26
2024-12-24 14:45:43,776 INFO o.a.j.t.JMeterThread: Thread started: Thread Group TEST 1-25
2024-12-24 14:45:43,776 INFO o.a.j.t.JMeterThread: Thread started: Thread Group TEST 1-59
2024-12-24 14:45:43,777 INFO o.a.j.t.JMeterThread: Thread finished: Thread Group TEST 1-26
2024-12-24 14:45:43,777 INFO o.a.j.t.JMeterThread: Thread started: Thread Group TEST 1-96
2024-12-24 14:45:43,777 INFO o.a.j.t.JMeterThread: Thread finished: Thread Group TEST 1-25
2024-12-24 14:45:43,776 INFO o.a.j.t.JMeterThread: Thread started: Thread Group TEST 1-52
2024-12-24 14:45:43,777 INFO o.a.j.t.JMeterThread: Thread finished: Thread Group TEST 1-59
2024-12-24 14:45:43,776 INFO o.a.j.t.JMeterThread: Thread finished: Thread Group TEST 1-14
2024-12-24 14:45:43,776 INFO o.a.j.t.JMeterThread: Thread finished: Thread Group TEST 1-49
2024-12-24 14:45:43,776 INFO o.a.j.t.JMeterThread: Thread started: Thread Group TEST 1-83
2024-12-24 14:45:43,776 INFO o.a.j.t.JMeterThread: Stopping: Thread Group TEST 1-24
2024-12-24 14:45:43,776 INFO o.a.j.t.JMeterThread: Thread finished: Thread Group TEST 1-39
2024-12-24 14:45:43,776 INFO o.a.j.t.JMeterThread: Thread started: Thread Group TEST 1-81
2024-12-24 14:45:43,777 INFO o.a.j.t.JMeterThread: Stopping: Thread Group TEST 1-76
2024-12-24 14:45:43,777 INFO o.a.j.t.JMeterThread: Thread finished: Thread Group TEST 1-52
2024-12-24 14:45:43,777 INFO o.a.j.t.JMeterThread: Thread finished: Thread Group TEST 1-96
2024-12-24 14:45:43,777 INFO o.a.j.t.JMeterThread: Thread started: Thread Group TEST 1-24
2024-12-24 14:45:43,777 INFO o.a.j.t.JMeterThread: Thread finished: Thread Group TEST 1-81
2024-12-24 14:45:43,776 INFO o.a.j.t.JMeterThread: Thread started: Thread Group TEST 1-74
2024-12-24 14:45:43,777 INFO o.a.j.t.JMeterThread: Stopping: Thread Group TEST 1-78
2024-12-24 14:45:43,777 INFO o.a.j.t.JMeterThread: Thread finished: Thread Group TEST 1-83
2024-12-24 14:45:43,777 INFO o.a.j.t.JMeterThread: Stopping: Thread Group TEST 1-42
2024-12-24 14:45:43,777 INFO o.a.j.t.JMeterThread: Thread started: Thread Group TEST 1-76
2024-12-24 14:45:43,777 INFO o.a.j.t.JMeterThread: Thread finished: Thread Group TEST 1-24
2024-12-24 14:45:43,777 INFO o.a.j.t.JMeterThread: Thread finished: Thread Group TEST 1-74
2024-12-24 14:45:43,777 INFO o.a.j.t.JMeterThread: Thread started: Thread Group TEST 1-78
2024-12-24 14:45:43,777 INFO o.a.j.t.JMeterThread: Stopping: Thread Group TEST 1-38
2024-12-24 14:45:43,777 INFO o.a.j.t.JMeterThread: Thread finished: Thread Group TEST 1-76
2024-12-24 14:45:43,777 INFO o.a.j.t.JMeterThread: Stopping: Thread Group TEST 1-51
2024-12-24 14:45:43,777 INFO o.a.j.t.JMeterThread: Stopping: Thread Group TEST 1-67
2024-12-24 14:45:43,777 INFO o.a.j.t.JMeterThread: Stopping: Thread Group TEST 1-75
2024-12-24 14:45:43,777 INFO o.a.j.t.JMeterThread: Thread started: Thread Group TEST 1-38
2024-12-24 14:45:43,777 INFO o.a.j.t.JMeterThread: Thread started: Thread Group TEST 1-51
2024-12-24 14:45:43,777 INFO o.a.j.t.JMeterThread: Thread started: Thread Group TEST 1-67
2024-12-24 14:45:43,777 INFO o.a.j.t.JMeterThread: Stopping: Thread Group TEST 1-33
2024-12-24 14:45:43,778 INFO o.a.j.t.JMeterThread: Thread finished: Thread Group TEST 1-38
2024-12-24 14:45:43,778 INFO o.a.j.t.JMeterThread: Thread finished: Thread Group TEST 1-51
2024-12-24 14:45:43,777 INFO o.a.j.t.JMeterThread: Thread started: Thread Group TEST 1-42
2024-12-24 14:45:43,778 INFO o.a.j.t.JMeterThread: Thread finished: Thread Group TEST 1-78
2024-12-24 14:45:43,778 INFO o.a.j.t.JMeterThread: Thread finished: Thread Group TEST 1-67
2024-12-24 14:45:43,778 INFO o.a.j.t.JMeterThread: Thread started: Thread Group TEST 1-75
2024-12-24 14:45:43,778 INFO o.a.j.t.JMeterThread: Thread started: Thread Group TEST 1-33
2024-12-24 14:45:43,778 INFO o.a.j.t.JMeterThread: Thread finished: Thread Group TEST 1-42
2024-12-24 14:45:43,778 INFO o.a.j.t.JMeterThread: Stopping: Thread Group TEST 1-43
2024-12-24 14:45:43,778 INFO o.a.j.t.JMeterThread: Thread finished: Thread Group TEST 1-75
2024-12-24 14:45:43,778 INFO o.a.j.t.JMeterThread: Thread finished: Thread Group TEST 1-33
2024-12-24 14:45:43,778 INFO o.a.j.t.JMeterThread: Stopping: Thread Group TEST 1-47
2024-12-24 14:45:43,778 INFO o.a.j.t.JMeterThread: Thread started: Thread Group TEST 1-43
2024-12-24 14:45:43,778 INFO o.a.j.t.JMeterThread: Stopping: Thread Group TEST 1-19
2024-12-24 14:45:43,778 INFO o.a.j.t.JMeterThread: Thread started: Thread Group TEST 1-47
2024-12-24 14:45:43,778 INFO o.a.j.t.JMeterThread: Stopping: Thread Group TEST 1-91
2024-12-24 14:45:43,778 INFO o.a.j.t.JMeterThread: Thread finished: Thread Group TEST 1-43
2024-12-24 14:45:43,778 INFO o.a.j.t.JMeterThread: Stopping: Thread Group TEST 1-100
2024-12-24 14:45:43,778 INFO o.a.j.t.JMeterThread: Thread finished: Thread Group TEST 1-47
2024-12-24 14:45:43,778 INFO o.a.j.t.JMeterThread: Thread started: Thread Group TEST 1-19
2024-12-24 14:45:43,778 INFO o.a.j.t.JMeterThread: Thread started: Thread Group TEST 1-91
2024-12-24 14:45:43,778 INFO o.a.j.t.JMeterThread: Stopping: Thread Group TEST 1-41
2024-12-24 14:45:43,778 INFO o.a.j.t.JMeterThread: Thread finished: Thread Group TEST 1-19
2024-12-24 14:45:43,778 INFO o.a.j.t.JMeterThread: Thread started: Thread Group TEST 1-100
2024-12-24 14:45:43,778 INFO o.a.j.t.JMeterThread: Stopping: Thread Group TEST 1-53
2024-12-24 14:45:43,778 INFO o.a.j.t.JMeterThread: Thread finished: Thread Group TEST 1-91
2024-12-24 14:45:43,778 INFO o.a.j.t.JMeterThread: Stopping: Thread Group TEST 1-30
2024-12-24 14:45:43,778 INFO o.a.j.t.JMeterThread: Thread started: Thread Group TEST 1-41
2024-12-24 14:45:43,778 INFO o.a.j.t.JMeterThread: Stopping: Thread Group TEST 1-65
2024-12-24 14:45:43,778 INFO o.a.j.t.JMeterThread: Thread started: Thread Group TEST 1-53
2024-12-24 14:45:43,778 INFO o.a.j.t.JMeterThread: Thread finished: Thread Group TEST 1-100
2024-12-24 14:45:43,778 INFO o.a.j.t.JMeterThread: Thread started: Thread Group TEST 1-30
2024-12-24 14:45:43,778 INFO o.a.j.t.JMeterThread: Thread finished: Thread Group TEST 1-41
2024-12-24 14:45:43,779 INFO o.a.j.t.JMeterThread: Stopping: Thread Group TEST 1-72
2024-12-24 14:45:43,779 INFO o.a.j.t.JMeterThread: Thread finished: Thread Group TEST 1-53
2024-12-24 14:45:43,779 INFO o.a.j.t.JMeterThread: Thread finished: Thread Group TEST 1-30
2024-12-24 14:45:43,779 INFO o.a.j.t.JMeterThread: Stopping: Thread Group TEST 1-48
2024-12-24 14:45:43,779 INFO o.a.j.t.JMeterThread: Thread started: Thread Group TEST 1-65
2024-12-24 14:45:43,779 INFO o.a.j.t.JMeterThread: Stopping: Thread Group TEST 1-17
2024-12-24 14:45:43,779 INFO o.a.j.t.JMeterThread: Stopping: Thread Group TEST 1-80
2024-12-24 14:45:43,779 INFO o.a.j.t.JMeterThread: Thread finished: Thread Group TEST 1-65
2024-12-24 14:45:43,779 INFO o.a.j.t.JMeterThread: Thread started: Thread Group TEST 1-72
2024-12-24 14:45:43,779 INFO o.a.j.t.JMeterThread: Thread started: Thread Group TEST 1-17
2024-12-24 14:45:43,779 INFO o.a.j.t.JMeterThread: Thread started: Thread Group TEST 1-48
2024-12-24 14:45:43,779 INFO o.a.j.t.JMeterThread: Thread finished: Thread Group TEST 1-17
2024-12-24 14:45:43,779 INFO o.a.j.t.JMeterThread: Stopping: Thread Group TEST 1-57
2024-12-24 14:45:43,779 INFO o.a.j.t.JMeterThread: Thread started: Thread Group TEST 1-80
2024-12-24 14:45:43,779 INFO o.a.j.t.JMeterThread: Thread finished: Thread Group TEST 1-48
2024-12-24 14:45:43,779 INFO o.a.j.t.JMeterThread: Thread finished: Thread Group TEST 1-72
2024-12-24 14:45:43,779 INFO o.a.j.t.JMeterThread: Thread finished: Thread Group TEST 1-80
2024-12-24 14:45:43,779 INFO o.a.j.t.JMeterThread: Stopping: Thread Group TEST 1-32
2024-12-24 14:45:43,780 INFO o.a.j.t.JMeterThread: Stopping: Thread Group TEST 1-20
2024-12-24 14:45:43,780 INFO o.a.j.t.JMeterThread: Stopping: Thread Group TEST 1-77
2024-12-24 14:45:43,779 INFO o.a.j.t.JMeterThread: Thread started: Thread Group TEST 1-57
2024-12-24 14:45:43,780 INFO o.a.j.t.JMeterThread: Stopping: Thread Group TEST 1-92
2024-12-24 14:45:43,780 INFO o.a.j.t.JMeterThread: Stopping: Thread Group TEST 1-88
2024-12-24 14:45:43,780 INFO o.a.j.t.JMeterThread: Stopping: Thread Group TEST 1-15
2024-12-24 14:45:43,780 INFO o.a.j.t.JMeterThread: Thread finished: Thread Group TEST 1-57
2024-12-24 14:45:43,780 INFO o.a.j.t.JMeterThread: Stopping: Thread Group TEST 1-64
2024-12-24 14:45:43,780 INFO o.a.j.t.JMeterThread: Stopping: Thread Group TEST 1-23
2024-12-24 14:45:43,780 INFO o.a.j.t.JMeterThread: Stopping: Thread Group TEST 1-84
2024-12-24 14:45:43,780 INFO o.a.j.t.JMeterThread: Thread started: Thread Group TEST 1-77
2024-12-24 14:45:43,780 INFO o.a.j.t.JMeterThread: Stopping: Thread Group TEST 1-12
2024-12-24 14:45:43,780 INFO o.a.j.t.JMeterThread: Stopping: Thread Group TEST 1-69
2024-12-24 14:45:43,780 INFO o.a.j.t.JMeterThread: Stopping: Thread Group TEST 1-71
2024-12-24 14:45:43,780 INFO o.a.j.t.JMeterThread: Thread finished: Thread Group TEST 1-77
2024-12-24 14:45:43,780 INFO o.a.j.t.JMeterThread: Stopping: Thread Group TEST 1-95
2024-12-24 14:45:43,780 INFO o.a.j.t.JMeterThread: Stopping: Thread Group TEST 1-58
2024-12-24 14:45:43,780 INFO o.a.j.t.JMeterThread: Stopping: Thread Group TEST 1-40
2024-12-24 14:45:43,780 INFO o.a.j.t.JMeterThread: Stopping: Thread Group TEST 1-29
2024-12-24 14:45:43,780 INFO o.a.j.t.JMeterThread: Thread started: Thread Group TEST 1-84
2024-12-24 14:45:43,780 INFO o.a.j.t.JMeterThread: Thread started: Thread Group TEST 1-92
2024-12-24 14:45:43,780 INFO o.a.j.t.JMeterThread: Thread started: Thread Group TEST 1-88
2024-12-24 14:45:43,780 INFO o.a.j.t.JMeterThread: Thread started: Thread Group TEST 1-40
2024-12-24 14:45:43,780 INFO o.a.j.t.JMeterThread: Thread finished: Thread Group TEST 1-92
2024-12-24 14:45:43,780 INFO o.a.j.t.JMeterThread: Thread finished: Thread Group TEST 1-88
2024-12-24 14:45:43,781 INFO o.a.j.t.JMeterThread: Thread finished: Thread Group TEST 1-84
2024-12-24 14:45:43,780 INFO o.a.j.t.JMeterThread: Thread started: Thread Group TEST 1-64
2024-12-24 14:45:43,781 INFO o.a.j.t.JMeterThread: Thread finished: Thread Group TEST 1-64
2024-12-24 14:45:43,780 INFO o.a.j.t.JMeterThread: Thread started: Thread Group TEST 1-20
2024-12-24 14:45:43,781 INFO o.a.j.t.JMeterThread: Thread started: Thread Group TEST 1-23
2024-12-24 14:45:43,781 INFO o.a.j.t.JMeterThread: Thread finished: Thread Group TEST 1-20
2024-12-24 14:45:43,781 INFO o.a.j.t.JMeterThread: Thread finished: Thread Group TEST 1-23
2024-12-24 14:45:43,780 INFO o.a.j.t.JMeterThread: Thread started: Thread Group TEST 1-12
2024-12-24 14:45:43,781 INFO o.a.j.t.JMeterThread: Thread started: Thread Group TEST 1-95
2024-12-24 14:45:43,781 INFO o.a.j.t.JMeterThread: Thread finished: Thread Group TEST 1-12
2024-12-24 14:45:43,781 INFO o.a.j.t.JMeterThread: Thread started: Thread Group TEST 1-58
2024-12-24 14:45:43,781 INFO o.a.j.t.JMeterThread: Thread started: Thread Group TEST 1-29
2024-12-24 14:45:43,781 INFO o.a.j.t.JMeterThread: Thread finished: Thread Group TEST 1-58
2024-12-24 14:45:43,781 INFO o.a.j.t.JMeterThread: Thread finished: Thread Group TEST 1-29
2024-12-24 14:45:43,780 INFO o.a.j.t.JMeterThread: Thread started: Thread Group TEST 1-32
2024-12-24 14:45:43,782 INFO o.a.j.t.JMeterThread: Thread finished: Thread Group TEST 1-40
2024-12-24 14:45:43,781 INFO o.a.j.t.JMeterThread: Thread finished: Thread Group TEST 1-95
2024-12-24 14:45:43,782 INFO o.a.j.t.JMeterThread: Thread finished: Thread Group TEST 1-32
2024-12-24 14:45:43,781 INFO o.a.j.t.JMeterThread: Thread started: Thread Group TEST 1-69
2024-12-24 14:45:43,780 INFO o.a.j.t.JMeterThread: Thread started: Thread Group TEST 1-15
2024-12-24 14:45:43,780 INFO o.a.j.t.JMeterThread: Stopping: Thread Group TEST 1-86
2024-12-24 14:45:43,780 INFO o.a.j.t.JMeterThread: Thread started: Thread Group TEST 1-71
2024-12-24 14:45:43,782 INFO o.a.j.t.JMeterThread: Thread finished: Thread Group TEST 1-15
2024-12-24 14:45:43,782 INFO o.a.j.t.JMeterThread: Stopping: Thread Group TEST 1-68
2024-12-24 14:45:43,782 INFO o.a.j.t.JMeterThread: Thread finished: Thread Group TEST 1-71
2024-12-24 14:45:43,782 INFO o.a.j.t.JMeterThread: Stopping: Thread Group TEST 1-35
2024-12-24 14:45:43,782 INFO o.a.j.t.JMeterThread: Stopping: Thread Group TEST 1-93
2024-12-24 14:45:43,782 INFO o.a.j.t.JMeterThread: Thread started: Thread Group TEST 1-86
2024-12-24 14:45:43,782 INFO o.a.j.t.JMeterThread: Thread started: Thread Group TEST 1-68
2024-12-24 14:45:43,782 INFO o.a.j.t.JMeterThread: Thread finished: Thread Group TEST 1-68
2024-12-24 14:45:43,782 INFO o.a.j.t.JMeterThread: Thread finished: Thread Group TEST 1-86
2024-12-24 14:45:43,782 INFO o.a.j.t.JMeterThread: Thread started: Thread Group TEST 1-93
2024-12-24 14:45:43,782 INFO o.a.j.t.JMeterThread: Stopping: Thread Group TEST 1-16
2024-12-24 14:45:43,783 INFO o.a.j.t.JMeterThread: Stopping: Thread Group TEST 1-31
2024-12-24 14:45:43,783 INFO o.a.j.t.JMeterThread: Thread finished: Thread Group TEST 1-93
2024-12-24 14:45:43,782 INFO o.a.j.t.JMeterThread: Thread finished: Thread Group TEST 1-69
2024-12-24 14:45:43,783 INFO o.a.j.t.JMeterThread: Thread started: Thread Group TEST 1-16
2024-12-24 14:45:43,783 INFO o.a.j.t.JMeterThread: Stopping: Thread Group TEST 1-79
2024-12-24 14:45:43,782 INFO o.a.j.t.JMeterThread: Thread started: Thread Group TEST 1-35
2024-12-24 14:45:43,783 INFO o.a.j.t.JMeterThread: Thread finished: Thread Group TEST 1-16
2024-12-24 14:45:43,783 INFO o.a.j.t.JMeterThread: Thread started: Thread Group TEST 1-31
2024-12-24 14:45:43,783 INFO o.a.j.t.JMeterThread: Thread started: Thread Group TEST 1-79
2024-12-24 14:45:43,783 INFO o.a.j.t.JMeterThread: Thread finished: Thread Group TEST 1-35
2024-12-24 14:45:43,783 INFO o.a.j.t.JMeterThread: Thread finished: Thread Group TEST 1-31
2024-12-24 14:45:43,783 INFO o.a.j.t.JMeterThread: Thread finished: Thread Group TEST 1-79
2024-12-24 14:45:43,783 INFO o.a.j.e.StandardJMeterEngine: Notifying test listeners of end of test
2024-12-24 14:45:43,785 INFO o.a.j.s.FileServer: Default base='/Users/eugenio/Ai TEST/apache-jmeter-5.6.3/bin'
2024-12-24 14:45:43,785 INFO o.a.j.g.u.JMeterMenuBar: setRunning(false, *local*)
2024-12-24 14:45:54,805 INFO o.a.j.s.FileServer: Set new base='/Users/eugenio/Ai TEST/apache-jmeter-5.6.3/bin'
2024-12-24 14:45:54,943 INFO o.a.j.s.SaveService: Testplan (JMX) version: 2.2. Testlog (JTL) version: 2.2
2024-12-24 14:45:54,946 INFO o.a.j.s.SaveService: Using SaveService properties version 5.0
2024-12-24 14:45:54,947 INFO o.a.j.s.SaveService: Using SaveService properties file encoding UTF-8
2024-12-24 14:45:54,961 INFO o.a.j.e.StandardJMeterEngine: Running the test!
2024-12-24 14:45:54,962 INFO o.a.j.s.SampleEvent: List of sample_variables: []
2024-12-24 14:45:54,962 INFO o.a.j.g.u.JMeterMenuBar: setRunning(true, *local*)
2024-12-24 14:45:54,991 INFO o.a.j.e.StandardJMeterEngine: Starting ThreadGroup: 1 : Thread Group TEST
2024-12-24 14:45:54,991 INFO o.a.j.e.StandardJMeterEngine: Starting 100 threads for group Thread Group TEST.
2024-12-24 14:45:54,991 INFO o.a.j.e.StandardJMeterEngine: Thread will continue on error
2024-12-24 14:45:54,991 INFO o.a.j.t.ThreadGroup: Starting thread group... number=1 threads=100 ramp-up=60 delayedStart=false
2024-12-24 14:45:54,992 INFO o.a.j.t.JMeterThread: Thread started: Thread Group TEST 1-1
2024-12-24 14:45:55,000 INFO o.a.j.t.ThreadGroup: Started thread group number 1
2024-12-24 14:45:55,001 INFO o.a.j.e.StandardJMeterEngine: All thread groups have been started
2024-12-24 14:45:55,319 INFO o.a.j.t.JMeterThread: Thread is done: Thread Group TEST 1-1
2024-12-24 14:45:55,320 INFO o.a.j.t.JMeterThread: Thread finished: Thread Group TEST 1-1
2024-12-24 14:45:55,600 INFO o.a.j.t.JMeterThread: Thread started: Thread Group TEST 1-2
2024-12-24 14:45:55,883 INFO o.a.j.t.JMeterThread: Thread is done: Thread Group TEST 1-2
2024-12-24 14:45:55,883 INFO o.a.j.t.JMeterThread: Thread finished: Thread Group TEST 1-2
2024-12-24 14:45:56,196 INFO o.a.j.t.JMeterThread: Thread started: Thread Group TEST 1-3
2024-12-24 14:45:56,476 INFO o.a.j.t.JMeterThread: Thread is done: Thread Group TEST 1-3
2024-12-24 14:45:56,477 INFO o.a.j.t.JMeterThread: Thread finished: Thread Group TEST 1-3
2024-12-24 14:45:56,794 INFO o.a.j.t.JMeterThread: Thread started: Thread Group TEST 1-4
2024-12-24 14:45:57,070 INFO o.a.j.t.JMeterThread: Thread is done: Thread Group TEST 1-4
2024-12-24 14:45:57,070 INFO o.a.j.t.JMeterThread: Thread finished: Thread Group TEST 1-4
2024-12-24 14:45:57,396 INFO o.a.j.t.JMeterThread: Thread started: Thread Group TEST 1-5
2024-12-24 14:45:57,670 INFO o.a.j.t.JMeterThread: Thread is done: Thread Group TEST 1-5
2024-12-24 14:45:57,670 INFO o.a.j.t.JMeterThread: Thread finished: Thread Group TEST 1-5
2024-12-24 14:45:57,996 INFO o.a.j.t.JMeterThread: Thread started: Thread Group TEST 1-6
2024-12-24 14:45:58,271 INFO o.a.j.t.JMeterThread: Thread is done: Thread Group TEST 1-6
2024-12-24 14:45:58,272 INFO o.a.j.t.JMeterThread: Thread finished: Thread Group TEST 1-6
2024-12-24 14:45:58,596 INFO o.a.j.t.JMeterThread: Thread started: Thread Group TEST 1-7
2024-12-24 14:45:58,886 INFO o.a.j.t.JMeterThread: Thread is done: Thread Group TEST 1-7
2024-12-24 14:45:58,886 INFO o.a.j.t.JMeterThread: Thread finished: Thread Group TEST 1-7
2024-12-24 14:45:59,197 INFO o.a.j.t.JMeterThread: Thread started: Thread Group TEST 1-8
2024-12-24 14:45:59,486 INFO o.a.j.t.JMeterThread: Thread is done: Thread Group TEST 1-8
2024-12-24 14:45:59,486 INFO o.a.j.t.JMeterThread: Thread finished: Thread Group TEST 1-8
2024-12-24 14:45:59,796 INFO o.a.j.t.JMeterThread: Thread started: Thread Group TEST 1-9
2024-12-24 14:46:00,105 INFO o.a.j.t.JMeterThread: Thread is done: Thread Group TEST 1-9
2024-12-24 14:46:00,106 INFO o.a.j.t.JMeterThread: Thread finished: Thread Group TEST 1-9
2024-12-24 14:46:00,396 INFO o.a.j.t.JMeterThread: Thread started: Thread Group TEST 1-10
2024-12-24 14:46:00,700 INFO o.a.j.t.JMeterThread: Thread is done: Thread Group TEST 1-10
2024-12-24 14:46:00,700 INFO o.a.j.t.JMeterThread: Thread finished: Thread Group TEST 1-10
2024-12-24 14:46:00,997 INFO o.a.j.t.JMeterThread: Thread started: Thread Group TEST 1-11
2024-12-24 14:46:01,293 INFO o.a.j.t.JMeterThread: Thread is done: Thread Group TEST 1-11
2024-12-24 14:46:01,293 INFO o.a.j.t.JMeterThread: Thread finished: Thread Group TEST 1-11
2024-12-24 14:46:01,596 INFO o.a.j.t.JMeterThread: Thread started: Thread Group TEST 1-12
2024-12-24 14:46:01,872 INFO o.a.j.t.JMeterThread: Thread is done: Thread Group TEST 1-12
2024-12-24 14:46:01,873 INFO o.a.j.t.JMeterThread: Thread finished: Thread Group TEST 1-12
2024-12-24 14:46:02,199 INFO o.a.j.t.JMeterThread: Thread started: Thread Group TEST 1-13
2024-12-24 14:46:02,484 INFO o.a.j.t.JMeterThread: Thread is done: Thread Group TEST 1-13
2024-12-24 14:46:02,484 INFO o.a.j.t.JMeterThread: Thread finished: Thread Group TEST 1-13
2024-12-24 14:46:02,795 INFO o.a.j.t.JMeterThread: Thread started: Thread Group TEST 1-14
2024-12-24 14:46:03,069 INFO o.a.j.t.JMeterThread: Thread is done: Thread Group TEST 1-14
2024-12-24 14:46:03,071 INFO o.a.j.t.JMeterThread: Thread finished: Thread Group TEST 1-14
2024-12-24 14:46:03,396 INFO o.a.j.t.JMeterThread: Thread started: Thread Group TEST 1-15
2024-12-24 14:46:03,670 INFO o.a.j.t.JMeterThread: Thread is done: Thread Group TEST 1-15
2024-12-24 14:46:03,670 INFO o.a.j.t.JMeterThread: Thread finished: Thread Group TEST 1-15
2024-12-24 14:46:03,993 INFO o.a.j.t.JMeterThread: Thread started: Thread Group TEST 1-16
2024-12-24 14:46:04,268 INFO o.a.j.t.JMeterThread: Thread is done: Thread Group TEST 1-16
2024-12-24 14:46:04,268 INFO o.a.j.t.JMeterThread: Thread finished: Thread Group TEST 1-16
2024-12-24 14:46:04,596 INFO o.a.j.t.JMeterThread: Thread started: Thread Group TEST 1-17
2024-12-24 14:46:04,885 INFO o.a.j.t.JMeterThread: Thread is done: Thread Group TEST 1-17
2024-12-24 14:46:04,885 INFO o.a.j.t.JMeterThread: Thread finished: Thread Group TEST 1-17
2024-12-24 14:46:05,196 INFO o.a.j.t.JMeterThread: Thread started: Thread Group TEST 1-18
2024-12-24 14:46:05,469 INFO o.a.j.t.JMeterThread: Thread is done: Thread Group TEST 1-18
2024-12-24 14:46:05,470 INFO o.a.j.t.JMeterThread: Thread finished: Thread Group TEST 1-18
2024-12-24 14:46:05,797 INFO o.a.j.t.JMeterThread: Thread started: Thread Group TEST 1-19
2024-12-24 14:46:06,081 INFO o.a.j.t.JMeterThread: Thread is done: Thread Group TEST 1-19
2024-12-24 14:46:06,081 INFO o.a.j.t.JMeterThread: Thread finished: Thread Group TEST 1-19
2024-12-24 14:46:06,398 INFO o.a.j.t.JMeterThread: Thread started: Thread Group TEST 1-20
2024-12-24 14:46:06,677 INFO o.a.j.t.JMeterThread: Thread is done: Thread Group TEST 1-20
2024-12-24 14:46:06,678 INFO o.a.j.t.JMeterThread: Thread finished: Thread Group TEST 1-20
2024-12-24 14:46:06,996 INFO o.a.j.t.JMeterThread: Thread started: Thread Group TEST 1-21
2024-12-24 14:46:07,295 INFO o.a.j.t.JMeterThread: Thread is done: Thread Group TEST 1-21
2024-12-24 14:46:07,295 INFO o.a.j.t.JMeterThread: Thread finished: Thread Group TEST 1-21
2024-12-24 14:46:07,596 INFO o.a.j.t.JMeterThread: Thread started: Thread Group TEST 1-22
2024-12-24 14:46:07,869 INFO o.a.j.t.JMeterThread: Thread is done: Thread Group TEST 1-22
2024-12-24 14:46:07,870 INFO o.a.j.t.JMeterThread: Thread finished: Thread Group TEST 1-22
2024-12-24 14:46:08,197 INFO o.a.j.t.JMeterThread: Thread started: Thread Group TEST 1-23
2024-12-24 14:46:08,489 INFO o.a.j.t.JMeterThread: Thread is done: Thread Group TEST 1-23
2024-12-24 14:46:08,490 INFO o.a.j.t.JMeterThread: Thread finished: Thread Group TEST 1-23
2024-12-24 14:46:08,793 INFO o.a.j.t.JMeterThread: Thread started: Thread Group TEST 1-24
2024-12-24 14:46:09,081 INFO o.a.j.t.JMeterThread: Thread is done: Thread Group TEST 1-24
2024-12-24 14:46:09,081 INFO o.a.j.t.JMeterThread: Thread finished: Thread Group TEST 1-24
2024-12-24 14:46:09,396 INFO o.a.j.t.JMeterThread: Thread started: Thread Group TEST 1-25
2024-12-24 14:46:09,690 INFO o.a.j.t.JMeterThread: Thread is done: Thread Group TEST 1-25
2024-12-24 14:46:09,690 INFO o.a.j.t.JMeterThread: Thread finished: Thread Group TEST 1-25
2024-12-24 14:46:09,998 INFO o.a.j.t.JMeterThread: Thread started: Thread Group TEST 1-26
2024-12-24 14:46:10,265 INFO o.a.j.t.JMeterThread: Thread is done: Thread Group TEST 1-26
2024-12-24 14:46:10,265 INFO o.a.j.t.JMeterThread: Thread finished: Thread Group TEST 1-26
2024-12-24 14:46:10,596 INFO o.a.j.t.JMeterThread: Thread started: Thread Group TEST 1-27
2024-12-24 14:46:10,873 INFO o.a.j.t.JMeterThread: Thread is done: Thread Group TEST 1-27
2024-12-24 14:46:10,873 INFO o.a.j.t.JMeterThread: Thread finished: Thread Group TEST 1-27
2024-12-24 14:46:11,200 INFO o.a.j.t.JMeterThread: Thread started: Thread Group TEST 1-28
2024-12-24 14:46:11,498 INFO o.a.j.t.JMeterThread: Thread is done: Thread Group TEST 1-28
2024-12-24 14:46:11,498 INFO o.a.j.t.JMeterThread: Thread finished: Thread Group TEST 1-28
2024-12-24 14:46:11,796 INFO o.a.j.t.JMeterThread: Thread started: Thread Group TEST 1-29
2024-12-24 14:46:12,109 INFO o.a.j.t.JMeterThread: Thread is done: Thread Group TEST 1-29
2024-12-24 14:46:12,109 INFO o.a.j.t.JMeterThread: Thread finished: Thread Group TEST 1-29
2024-12-24 14:46:12,396 INFO o.a.j.t.JMeterThread: Thread started: Thread Group TEST 1-30
2024-12-24 14:46:12,681 INFO o.a.j.t.JMeterThread: Thread is done: Thread Group TEST 1-30
2024-12-24 14:46:12,682 INFO o.a.j.t.JMeterThread: Thread finished: Thread Group TEST 1-30
2024-12-24 14:46:12,996 INFO o.a.j.t.JMeterThread: Thread started: Thread Group TEST 1-31
2024-12-24 14:46:13,283 INFO o.a.j.t.JMeterThread: Thread is done: Thread Group TEST 1-31
2024-12-24 14:46:13,284 INFO o.a.j.t.JMeterThread: Thread finished: Thread Group TEST 1-31
2024-12-24 14:46:13,596 INFO o.a.j.t.JMeterThread: Thread started: Thread Group TEST 1-32
2024-12-24 14:46:13,875 INFO o.a.j.t.JMeterThread: Thread is done: Thread Group TEST 1-32
2024-12-24 14:46:13,875 INFO o.a.j.t.JMeterThread: Thread finished: Thread Group TEST 1-32
2024-12-24 14:46:14,195 INFO o.a.j.t.JMeterThread: Thread started: Thread Group TEST 1-33
2024-12-24 14:46:14,459 INFO o.a.j.t.JMeterThread: Thread is done: Thread Group TEST 1-33
2024-12-24 14:46:14,460 INFO o.a.j.t.JMeterThread: Thread finished: Thread Group TEST 1-33
2024-12-24 14:46:14,795 INFO o.a.j.t.JMeterThread: Thread started: Thread Group TEST 1-34
2024-12-24 14:46:15,098 INFO o.a.j.t.JMeterThread: Thread is done: Thread Group TEST 1-34
2024-12-24 14:46:15,098 INFO o.a.j.t.JMeterThread: Thread finished: Thread Group TEST 1-34
2024-12-24 14:46:15,392 INFO o.a.j.t.JMeterThread: Thread started: Thread Group TEST 1-35
2024-12-24 14:46:15,665 INFO o.a.j.t.JMeterThread: Thread is done: Thread Group TEST 1-35
2024-12-24 14:46:15,666 INFO o.a.j.t.JMeterThread: Thread finished: Thread Group TEST 1-35
2024-12-24 14:46:15,995 INFO o.a.j.t.JMeterThread: Thread started: Thread Group TEST 1-36
2024-12-24 14:46:16,300 INFO o.a.j.t.JMeterThread: Thread is done: Thread Group TEST 1-36
2024-12-24 14:46:16,300 INFO o.a.j.t.JMeterThread: Thread finished: Thread Group TEST 1-36
2024-12-24 14:46:16,596 INFO o.a.j.t.JMeterThread: Thread started: Thread Group TEST 1-37
2024-12-24 14:46:16,977 INFO o.a.j.t.JMeterThread: Thread is done: Thread Group TEST 1-37
2024-12-24 14:46:16,977 INFO o.a.j.t.JMeterThread: Thread finished: Thread Group TEST 1-37
2024-12-24 14:46:17,196 INFO o.a.j.t.JMeterThread: Thread started: Thread Group TEST 1-38
2024-12-24 14:46:17,466 INFO o.a.j.t.JMeterThread: Thread is done: Thread Group TEST 1-38
2024-12-24 14:46:17,466 INFO o.a.j.t.JMeterThread: Thread finished: Thread Group TEST 1-38
2024-12-24 14:46:17,797 INFO o.a.j.t.JMeterThread: Thread started: Thread Group TEST 1-39
2024-12-24 14:46:18,088 INFO o.a.j.t.JMeterThread: Thread is done: Thread Group TEST 1-39
2024-12-24 14:46:18,089 INFO o.a.j.t.JMeterThread: Thread finished: Thread Group TEST 1-39
2024-12-24 14:46:18,396 INFO o.a.j.t.JMeterThread: Thread started: Thread Group TEST 1-40
2024-12-24 14:46:18,715 INFO o.a.j.t.JMeterThread: Thread is done: Thread Group TEST 1-40
2024-12-24 14:46:18,715 INFO o.a.j.t.JMeterThread: Thread finished: Thread Group TEST 1-40
2024-12-24 14:46:18,991 INFO o.a.j.t.JMeterThread: Thread started: Thread Group TEST 1-41
2024-12-24 14:46:19,282 INFO o.a.j.t.JMeterThread: Thread is done: Thread Group TEST 1-41
2024-12-24 14:46:19,282 INFO o.a.j.t.JMeterThread: Thread finished: Thread Group TEST 1-41
2024-12-24 14:46:19,598 INFO o.a.j.t.JMeterThread: Thread started: Thread Group TEST 1-42
2024-12-24 14:46:19,876 INFO o.a.j.t.JMeterThread: Thread is done: Thread Group TEST 1-42
2024-12-24 14:46:19,876 INFO o.a.j.t.JMeterThread: Thread finished: Thread Group TEST 1-42
2024-12-24 14:46:20,197 INFO o.a.j.t.JMeterThread: Thread started: Thread Group TEST 1-43
2024-12-24 14:46:20,488 INFO o.a.j.t.JMeterThread: Thread is done: Thread Group TEST 1-43
2024-12-24 14:46:20,488 INFO o.a.j.t.JMeterThread: Thread finished: Thread Group TEST 1-43
2024-12-24 14:46:20,793 INFO o.a.j.t.JMeterThread: Thread started: Thread Group TEST 1-44
2024-12-24 14:46:21,080 INFO o.a.j.t.JMeterThread: Thread is done: Thread Group TEST 1-44
2024-12-24 14:46:21,081 INFO o.a.j.t.JMeterThread: Thread finished: Thread Group TEST 1-44
2024-12-24 14:46:21,393 INFO o.a.j.t.JMeterThread: Thread started: Thread Group TEST 1-45
2024-12-24 14:46:21,727 INFO o.a.j.t.JMeterThread: Thread is done: Thread Group TEST 1-45
2024-12-24 14:46:21,728 INFO o.a.j.t.JMeterThread: Thread finished: Thread Group TEST 1-45
2024-12-24 14:46:21,996 INFO o.a.j.t.JMeterThread: Thread started: Thread Group TEST 1-46
2024-12-24 14:46:22,258 INFO o.a.j.t.JMeterThread: Thread is done: Thread Group TEST 1-46
2024-12-24 14:46:22,258 INFO o.a.j.t.JMeterThread: Thread finished: Thread Group TEST 1-46
2024-12-24 14:46:22,596 INFO o.a.j.t.JMeterThread: Thread started: Thread Group TEST 1-47
2024-12-24 14:46:22,881 INFO o.a.j.t.JMeterThread: Thread is done: Thread Group TEST 1-47
2024-12-24 14:46:22,881 INFO o.a.j.t.JMeterThread: Thread finished: Thread Group TEST 1-47
2024-12-24 14:46:23,196 INFO o.a.j.t.JMeterThread: Thread started: Thread Group TEST 1-48
2024-12-24 14:46:23,474 INFO o.a.j.t.JMeterThread: Thread is done: Thread Group TEST 1-48
2024-12-24 14:46:23,474 INFO o.a.j.t.JMeterThread: Thread finished: Thread Group TEST 1-48
2024-12-24 14:46:23,792 INFO o.a.j.t.JMeterThread: Thread started: Thread Group TEST 1-49
2024-12-24 14:46:24,072 INFO o.a.j.t.JMeterThread: Thread is done: Thread Group TEST 1-49
2024-12-24 14:46:24,072 INFO o.a.j.t.JMeterThread: Thread finished: Thread Group TEST 1-49
2024-12-24 14:46:24,396 INFO o.a.j.t.JMeterThread: Thread started: Thread Group TEST 1-50
2024-12-24 14:46:24,670 INFO o.a.j.t.JMeterThread: Thread is done: Thread Group TEST 1-50
2024-12-24 14:46:24,671 INFO o.a.j.t.JMeterThread: Thread finished: Thread Group TEST 1-50
2024-12-24 14:46:24,995 INFO o.a.j.t.JMeterThread: Thread started: Thread Group TEST 1-51
2024-12-24 14:46:25,372 INFO o.a.j.t.JMeterThread: Thread is done: Thread Group TEST 1-51
2024-12-24 14:46:25,373 INFO o.a.j.t.JMeterThread: Thread finished: Thread Group TEST 1-51
2024-12-24 14:46:25,594 INFO o.a.j.t.JMeterThread: Thread started: Thread Group TEST 1-52
2024-12-24 14:46:25,892 INFO o.a.j.t.JMeterThread: Thread is done: Thread Group TEST 1-52
2024-12-24 14:46:25,893 INFO o.a.j.t.JMeterThread: Thread finished: Thread Group TEST 1-52
2024-12-24 14:46:26,198 INFO o.a.j.t.JMeterThread: Thread started: Thread Group TEST 1-53
2024-12-24 14:46:26,485 INFO o.a.j.t.JMeterThread: Thread is done: Thread Group TEST 1-53
2024-12-24 14:46:26,486 INFO o.a.j.t.JMeterThread: Thread finished: Thread Group TEST 1-53
2024-12-24 14:46:26,796 INFO o.a.j.t.JMeterThread: Thread started: Thread Group TEST 1-54
2024-12-24 14:46:27,085 INFO o.a.j.t.JMeterThread: Thread is done: Thread Group TEST 1-54
2024-12-24 14:46:27,085 INFO o.a.j.t.JMeterThread: Thread finished: Thread Group TEST 1-54
2024-12-24 14:46:27,395 INFO o.a.j.t.JMeterThread: Thread started: Thread Group TEST 1-55
2024-12-24 14:46:27,669 INFO o.a.j.t.JMeterThread: Thread is done: Thread Group TEST 1-55
2024-12-24 14:46:27,670 INFO o.a.j.t.JMeterThread: Thread finished: Thread Group TEST 1-55
2024-12-24 14:46:27,994 INFO o.a.j.t.JMeterThread: Thread started: Thread Group TEST 1-56
2024-12-24 14:46:28,279 INFO o.a.j.t.JMeterThread: Thread is done: Thread Group TEST 1-56
2024-12-24 14:46:28,280 INFO o.a.j.t.JMeterThread: Thread finished: Thread Group TEST 1-56
2024-12-24 14:46:28,595 INFO o.a.j.t.JMeterThread: Thread started: Thread Group TEST 1-57
2024-12-24 14:46:28,889 INFO o.a.j.t.JMeterThread: Thread is done: Thread Group TEST 1-57
2024-12-24 14:46:28,889 INFO o.a.j.t.JMeterThread: Thread finished: Thread Group TEST 1-57
2024-12-24 14:46:29,198 INFO o.a.j.t.JMeterThread: Thread started: Thread Group TEST 1-58
2024-12-24 14:46:29,478 INFO o.a.j.t.JMeterThread: Thread is done: Thread Group TEST 1-58
2024-12-24 14:46:29,478 INFO o.a.j.t.JMeterThread: Thread finished: Thread Group TEST 1-58
2024-12-24 14:46:29,796 INFO o.a.j.t.JMeterThread: Thread started: Thread Group TEST 1-59
2024-12-24 14:46:30,074 INFO o.a.j.t.JMeterThread: Thread is done: Thread Group TEST 1-59
2024-12-24 14:46:30,075 INFO o.a.j.t.JMeterThread: Thread finished: Thread Group TEST 1-59
2024-12-24 14:46:30,397 INFO o.a.j.t.JMeterThread: Thread started: Thread Group TEST 1-60
2024-12-24 14:46:30,691 INFO o.a.j.t.JMeterThread: Thread is done: Thread Group TEST 1-60
2024-12-24 14:46:30,691 INFO o.a.j.t.JMeterThread: Thread finished: Thread Group TEST 1-60
2024-12-24 14:46:30,997 INFO o.a.j.t.JMeterThread: Thread started: Thread Group TEST 1-61
2024-12-24 14:46:31,282 INFO o.a.j.t.JMeterThread: Thread is done: Thread Group TEST 1-61
2024-12-24 14:46:31,284 INFO o.a.j.t.JMeterThread: Thread finished: Thread Group TEST 1-61
2024-12-24 14:46:31,595 INFO o.a.j.t.JMeterThread: Thread started: Thread Group TEST 1-62
2024-12-24 14:46:31,884 INFO o.a.j.t.JMeterThread: Thread is done: Thread Group TEST 1-62
2024-12-24 14:46:31,884 INFO o.a.j.t.JMeterThread: Thread finished: Thread Group TEST 1-62
2024-12-24 14:46:32,195 INFO o.a.j.t.JMeterThread: Thread started: Thread Group TEST 1-63
2024-12-24 14:46:32,477 INFO o.a.j.t.JMeterThread: Thread is done: Thread Group TEST 1-63
2024-12-24 14:46:32,478 INFO o.a.j.t.JMeterThread: Thread finished: Thread Group TEST 1-63
2024-12-24 14:46:32,792 INFO o.a.j.t.JMeterThread: Thread started: Thread Group TEST 1-64
2024-12-24 14:46:33,081 INFO o.a.j.t.JMeterThread: Thread is done: Thread Group TEST 1-64
2024-12-24 14:46:33,082 INFO o.a.j.t.JMeterThread: Thread finished: Thread Group TEST 1-64
2024-12-24 14:46:33,396 INFO o.a.j.t.JMeterThread: Thread started: Thread Group TEST 1-65
2024-12-24 14:46:33,664 INFO o.a.j.t.JMeterThread: Thread is done: Thread Group TEST 1-65
2024-12-24 14:46:33,664 INFO o.a.j.t.JMeterThread: Thread finished: Thread Group TEST 1-65
2024-12-24 14:46:33,997 INFO o.a.j.t.JMeterThread: Thread started: Thread Group TEST 1-66
2024-12-24 14:46:34,273 INFO o.a.j.t.JMeterThread: Thread is done: Thread Group TEST 1-66
2024-12-24 14:46:34,274 INFO o.a.j.t.JMeterThread: Thread finished: Thread Group TEST 1-66
2024-12-24 14:46:34,596 INFO o.a.j.t.JMeterThread: Thread started: Thread Group TEST 1-67
2024-12-24 14:46:34,869 INFO o.a.j.t.JMeterThread: Thread is done: Thread Group TEST 1-67
2024-12-24 14:46:34,870 INFO o.a.j.t.JMeterThread: Thread finished: Thread Group TEST 1-67
2024-12-24 14:46:35,196 INFO o.a.j.t.JMeterThread: Thread started: Thread Group TEST 1-68
2024-12-24 14:46:35,491 INFO o.a.j.t.JMeterThread: Thread is done: Thread Group TEST 1-68
2024-12-24 14:46:35,491 INFO o.a.j.t.JMeterThread: Thread finished: Thread Group TEST 1-68
2024-12-24 14:46:35,793 INFO o.a.j.t.JMeterThread: Thread started: Thread Group TEST 1-69
2024-12-24 14:46:36,077 INFO o.a.j.t.JMeterThread: Thread is done: Thread Group TEST 1-69
2024-12-24 14:46:36,077 INFO o.a.j.t.JMeterThread: Thread finished: Thread Group TEST 1-69
2024-12-24 14:46:36,394 INFO o.a.j.t.JMeterThread: Thread started: Thread Group TEST 1-70
2024-12-24 14:46:36,679 INFO o.a.j.t.JMeterThread: Thread is done: Thread Group TEST 1-70
2024-12-24 14:46:36,679 INFO o.a.j.t.JMeterThread: Thread finished: Thread Group TEST 1-70
2024-12-24 14:46:36,995 INFO o.a.j.t.JMeterThread: Thread started: Thread Group TEST 1-71
2024-12-24 14:46:37,308 INFO o.a.j.t.JMeterThread: Thread is done: Thread Group TEST 1-71
2024-12-24 14:46:37,309 INFO o.a.j.t.JMeterThread: Thread finished: Thread Group TEST 1-71
2024-12-24 14:46:37,598 INFO o.a.j.t.JMeterThread: Thread started: Thread Group TEST 1-72
2024-12-24 14:46:37,895 INFO o.a.j.t.JMeterThread: Thread is done: Thread Group TEST 1-72
2024-12-24 14:46:37,896 INFO o.a.j.t.JMeterThread: Thread finished: Thread Group TEST 1-72
2024-12-24 14:46:38,193 INFO o.a.j.t.JMeterThread: Thread started: Thread Group TEST 1-73
2024-12-24 14:46:38,464 INFO o.a.j.t.JMeterThread: Thread is done: Thread Group TEST 1-73
2024-12-24 14:46:38,464 INFO o.a.j.t.JMeterThread: Thread finished: Thread Group TEST 1-73
2024-12-24 14:46:38,796 INFO o.a.j.t.JMeterThread: Thread started: Thread Group TEST 1-74
2024-12-24 14:46:39,071 INFO o.a.j.t.JMeterThread: Thread is done: Thread Group TEST 1-74
2024-12-24 14:46:39,071 INFO o.a.j.t.JMeterThread: Thread finished: Thread Group TEST 1-74
2024-12-24 14:46:39,395 INFO o.a.j.t.JMeterThread: Thread started: Thread Group TEST 1-75
2024-12-24 14:46:39,671 INFO o.a.j.t.JMeterThread: Thread is done: Thread Group TEST 1-75
2024-12-24 14:46:39,671 INFO o.a.j.t.JMeterThread: Thread finished: Thread Group TEST 1-75
2024-12-24 14:46:39,992 INFO o.a.j.t.JMeterThread: Thread started: Thread Group TEST 1-76
2024-12-24 14:46:40,265 INFO o.a.j.t.JMeterThread: Thread is done: Thread Group TEST 1-76
2024-12-24 14:46:40,266 INFO o.a.j.t.JMeterThread: Thread finished: Thread Group TEST 1-76
2024-12-24 14:46:40,597 INFO o.a.j.t.JMeterThread: Thread started: Thread Group TEST 1-77
2024-12-24 14:46:40,873 INFO o.a.j.t.JMeterThread: Thread is done: Thread Group TEST 1-77
2024-12-24 14:46:40,873 INFO o.a.j.t.JMeterThread: Thread finished: Thread Group TEST 1-77
2024-12-24 14:46:41,193 INFO o.a.j.t.JMeterThread: Thread started: Thread Group TEST 1-78
2024-12-24 14:46:41,463 INFO o.a.j.t.JMeterThread: Thread is done: Thread Group TEST 1-78
2024-12-24 14:46:41,463 INFO o.a.j.t.JMeterThread: Thread finished: Thread Group TEST 1-78
2024-12-24 14:46:41,794 INFO o.a.j.t.JMeterThread: Thread started: Thread Group TEST 1-79
2024-12-24 14:46:42,053 INFO o.a.j.t.JMeterThread: Thread is done: Thread Group TEST 1-79
2024-12-24 14:46:42,054 INFO o.a.j.t.JMeterThread: Thread finished: Thread Group TEST 1-79
2024-12-24 14:46:42,395 INFO o.a.j.t.JMeterThread: Thread started: Thread Group TEST 1-80
2024-12-24 14:46:42,666 INFO o.a.j.t.JMeterThread: Thread is done: Thread Group TEST 1-80
2024-12-24 14:46:42,666 INFO o.a.j.t.JMeterThread: Thread finished: Thread Group TEST 1-80
2024-12-24 14:46:42,996 INFO o.a.j.t.JMeterThread: Thread started: Thread Group TEST 1-81
2024-12-24 14:46:43,265 INFO o.a.j.t.JMeterThread: Thread is done: Thread Group TEST 1-81
2024-12-24 14:46:43,265 INFO o.a.j.t.JMeterThread: Thread finished: Thread Group TEST 1-81
2024-12-24 14:46:43,593 INFO o.a.j.t.JMeterThread: Thread started: Thread Group TEST 1-82
2024-12-24 14:46:43,864 INFO o.a.j.t.JMeterThread: Thread is done: Thread Group TEST 1-82
2024-12-24 14:46:43,864 INFO o.a.j.t.JMeterThread: Thread finished: Thread Group TEST 1-82
2024-12-24 14:46:44,198 INFO o.a.j.t.JMeterThread: Thread started: Thread Group TEST 1-83
2024-12-24 14:46:44,475 INFO o.a.j.t.JMeterThread: Thread is done: Thread Group TEST 1-83
2024-12-24 14:46:44,476 INFO o.a.j.t.JMeterThread: Thread finished: Thread Group TEST 1-83
2024-12-24 14:46:44,796 INFO o.a.j.t.JMeterThread: Thread started: Thread Group TEST 1-84
2024-12-24 14:46:45,083 INFO o.a.j.t.JMeterThread: Thread is done: Thread Group TEST 1-84
2024-12-24 14:46:45,083 INFO o.a.j.t.JMeterThread: Thread finished: Thread Group TEST 1-84
2024-12-24 14:46:45,396 INFO o.a.j.t.JMeterThread: Thread started: Thread Group TEST 1-85
2024-12-24 14:46:45,654 INFO o.a.j.t.JMeterThread: Thread is done: Thread Group TEST 1-85
2024-12-24 14:46:45,654 INFO o.a.j.t.JMeterThread: Thread finished: Thread Group TEST 1-85
2024-12-24 14:46:45,996 INFO o.a.j.t.JMeterThread: Thread started: Thread Group TEST 1-86
2024-12-24 14:46:46,252 INFO o.a.j.t.JMeterThread: Thread is done: Thread Group TEST 1-86
2024-12-24 14:46:46,253 INFO o.a.j.t.JMeterThread: Thread finished: Thread Group TEST 1-86
2024-12-24 14:46:46,595 INFO o.a.j.t.JMeterThread: Thread started: Thread Group TEST 1-87
2024-12-24 14:46:46,856 INFO o.a.j.g.a.Start: Stopping test
2024-12-24 14:46:46,863 INFO o.a.j.t.JMeterThread: Thread is done: Thread Group TEST 1-87
2024-12-24 14:46:46,863 INFO o.a.j.t.JMeterThread: Thread finished: Thread Group TEST 1-87
2024-12-24 14:46:46,898 INFO o.a.j.t.JMeterThread: Stopping: Thread Group TEST 1-88
2024-12-24 14:46:46,898 INFO o.a.j.t.JMeterThread: Stopping: Thread Group TEST 1-91
2024-12-24 14:46:46,898 INFO o.a.j.t.JMeterThread: Stopping: Thread Group TEST 1-96
2024-12-24 14:46:46,898 INFO o.a.j.t.JMeterThread: Stopping: Thread Group TEST 1-98
2024-12-24 14:46:46,898 INFO o.a.j.t.JMeterThread: Stopping: Thread Group TEST 1-92
2024-12-24 14:46:46,898 INFO o.a.j.t.JMeterThread: Stopping: Thread Group TEST 1-100
2024-12-24 14:46:46,898 INFO o.a.j.t.JMeterThread: Thread started: Thread Group TEST 1-91
2024-12-24 14:46:46,898 INFO o.a.j.t.JMeterThread: Stopping: Thread Group TEST 1-99
2024-12-24 14:46:46,898 INFO o.a.j.t.JMeterThread: Thread finished: Thread Group TEST 1-91
2024-12-24 14:46:46,898 INFO o.a.j.t.JMeterThread: Thread started: Thread Group TEST 1-92
2024-12-24 14:46:46,898 INFO o.a.j.t.JMeterThread: Thread started: Thread Group TEST 1-88
2024-12-24 14:46:46,898 INFO o.a.j.t.JMeterThread: Thread started: Thread Group TEST 1-100
2024-12-24 14:46:46,898 INFO o.a.j.t.JMeterThread: Stopping: Thread Group TEST 1-89
2024-12-24 14:46:46,898 INFO o.a.j.t.JMeterThread: Thread finished: Thread Group TEST 1-88
2024-12-24 14:46:46,898 INFO o.a.j.t.JMeterThread: Stopping: Thread Group TEST 1-93
2024-12-24 14:46:46,898 INFO o.a.j.t.JMeterThread: Stopping: Thread Group TEST 1-95
2024-12-24 14:46:46,898 INFO o.a.j.t.JMeterThread: Thread finished: Thread Group TEST 1-100
2024-12-24 14:46:46,898 INFO o.a.j.t.JMeterThread: Thread started: Thread Group TEST 1-89
2024-12-24 14:46:46,898 INFO o.a.j.t.JMeterThread: Thread finished: Thread Group TEST 1-92
2024-12-24 14:46:46,899 INFO o.a.j.t.JMeterThread: Thread started: Thread Group TEST 1-95
2024-12-24 14:46:46,898 INFO o.a.j.t.JMeterThread: Thread started: Thread Group TEST 1-96
2024-12-24 14:46:46,899 INFO o.a.j.t.JMeterThread: Thread finished: Thread Group TEST 1-95
2024-12-24 14:46:46,899 INFO o.a.j.t.JMeterThread: Thread started: Thread Group TEST 1-93
2024-12-24 14:46:46,899 INFO o.a.j.t.JMeterThread: Thread finished: Thread Group TEST 1-96
2024-12-24 14:46:46,899 INFO o.a.j.t.JMeterThread: Thread finished: Thread Group TEST 1-93
2024-12-24 14:46:46,898 INFO o.a.j.t.JMeterThread: Thread finished: Thread Group TEST 1-89
2024-12-24 14:46:46,898 INFO o.a.j.t.JMeterThread: Stopping: Thread Group TEST 1-97
2024-12-24 14:46:46,899 INFO o.a.j.t.JMeterThread: Stopping: Thread Group TEST 1-94
2024-12-24 14:46:46,898 INFO o.a.j.t.JMeterThread: Thread started: Thread Group TEST 1-98
2024-12-24 14:46:46,899 INFO o.a.j.t.JMeterThread: Thread finished: Thread Group TEST 1-98
2024-12-24 14:46:46,899 INFO o.a.j.t.JMeterThread: Thread started: Thread Group TEST 1-97
2024-12-24 14:46:46,899 INFO o.a.j.t.JMeterThread: Thread started: Thread Group TEST 1-94
2024-12-24 14:46:46,899 INFO o.a.j.t.JMeterThread: Thread finished: Thread Group TEST 1-94
2024-12-24 14:46:46,898 INFO o.a.j.t.JMeterThread: Thread started: Thread Group TEST 1-99
2024-12-24 14:46:46,899 INFO o.a.j.t.JMeterThread: Thread finished: Thread Group TEST 1-99
2024-12-24 14:46:46,899 INFO o.a.j.t.JMeterThread: Stopping: Thread Group TEST 1-90
2024-12-24 14:46:46,899 INFO o.a.j.t.JMeterThread: Thread finished: Thread Group TEST 1-97
2024-12-24 14:46:46,899 INFO o.a.j.t.JMeterThread: Thread started: Thread Group TEST 1-90
2024-12-24 14:46:46,899 INFO o.a.j.t.JMeterThread: Thread finished: Thread Group TEST 1-90
2024-12-24 14:46:46,899 INFO o.a.j.e.StandardJMeterEngine: Notifying test listeners of end of test
2024-12-24 14:46:46,900 INFO o.a.j.g.u.JMeterMenuBar: setRunning(false, *local*)
